<?xml version="1.0" encoding="UTF-8"?><testsuite errors="0" failures="1" name="example.TwitchTest" skipped="0" tests="5" time="4.47" timestamp="2021-05-11 02:04:54"><testcase classname="example.TwitchTest" name="Get request with query param"/><testcase classname="example.TwitchTest" name="Delete request"/><testcase classname="example.TwitchTest" name="Put request"><failure message="expected:&lt;ba[z]&gt; but was:&lt;ba[r]&gt;" type="org.junit.ComparisonFailure">expected:&lt;ba[z]&gt; but was:&lt;ba[r]&gt;</failure><system-err>expected:&lt;ba[z]&gt; but was:&lt;ba[r]&gt;
example.TwitchTest.putRequest(TwitchTest.java:73)
</system-err></testcase><testcase classname="example.TwitchTest" name="Post request"/><testcase classname="example.TwitchTest" name="Get request"/></testsuite>